<?xml version="1.0" encoding="UTF-8"?>
<testsuite xmlns:xsi="http://www.w3.org/2001/XMLSchema-instance" xsi:noNamespaceSchemaLocation="https://maven.apache.org/surefire/maven-surefire-plugin/xsd/surefire-test-report-3.0.xsd" version="3.0" name="com.libms.LibmsApplicationTests" time="2.921" tests="2" errors="0" skipped="0" failures="0">
  <properties>
[...]
</properties>
  <testcase name="testLoginFrame2" classname="com.libms.LibmsApplicationTests" time="0.834">
    <system-out><![CDATA[11:13:40.281 [main] INFO org.springframework.test.context.support.AnnotationConfigContextLoaderUtils -- Could not detect default configuration classes for test class [com.libms.LibmsApplicationTests]: LibmsApplicationTests does not declare any static, non-private, non-final, nested classes annotated with @Configuration.
11:13:40.356 [main] INFO org.springframework.boot.test.context.SpringBootTestContextBootstrapper -- Found @SpringBootConfiguration com.libms.LibmsApplication for test class com.libms.LibmsApplicationTests

  .   ____          _            __ _ _
 /\\ / ___'_ __ _ _(_)_ __  __ _ \ \ \ \
( ( )\___ | '_ | '_| | '_ \/ _` | \ \ \ \
 \\/  ___)| |_)| | | | | || (_| |  ) ) ) )
  '  |____| .__|_| |_|_| |_\__, | / / / /
 =========|_|==============|___/=/_/_/_/
 :: Spring Boot ::                (v3.1.0)

2023-06-15T11:13:40.762+08:00  INFO 9684 --- [           main] com.libms.LibmsApplicationTests          : Starting LibmsApplicationTests using Java 17.0.1 with PID 9684 (started by 郭敏轩 in E:\develop\datagrip\project\spring-libms)
2023-06-15T11:13:40.764+08:00  INFO 9684 --- [           main] com.libms.LibmsApplicationTests          : No active profile set, falling back to 1 default profile: "default"
Logging initialized using 'class org.apache.ibatis.logging.stdout.StdOutImpl' adapter.
2023-06-15T11:13:42.206+08:00  INFO 9684 --- [           main] com.libms.LibmsApplicationTests          : Started LibmsApplicationTests in 1.722 seconds (process running for 2.491)
]]></system-out>
  </testcase>
  <testcase name="contextLoads" classname="com.libms.LibmsApplicationTests" time="0.003"/>
</testsuite>